<?xml version="1.0" encoding="UTF-8"?>
<!-- Generated by org.testng.reporters.JUnitReportReporter -->
<testsuite hostname="DESKTOP-F8IID4M" failures="0" tests="1" name="test.PutAndPatch" time="2.203" errors="0" timestamp="2022-10-08T02:07:15 BDT" skipped="0">
  <testcase classname="test.PutAndPatch" name="testPatch" time="2.203"/>
  <system-out/>
</testsuite> <!-- test.PutAndPatch -->
