<?xml version="1.0" encoding="UTF-8"?>
<!-- Generated by org.testng.reporters.JUnitReportReporter -->
<testsuite hostname="DESKTOP-F8IID4M" failures="0" tests="1" name="test.DeleteAPI" time="2.088" errors="0" timestamp="2022-10-08T02:09:14 BDT" skipped="0">
  <testcase classname="test.DeleteAPI" name="testDelete" time="2.088"/>
  <system-out/>
</testsuite> <!-- test.DeleteAPI -->
