<?xml version="1.0" encoding="UTF-8"?>
<!-- Generated by org.testng.reporters.JUnitReportReporter -->
<testsuite hostname="DESKTOP-F8IID4M" failures="0" tests="2" name="test.GetAndPost" time="3.148" errors="0" timestamp="2022-10-08T02:48:06 BDT" skipped="0">
  <testcase classname="test.GetAndPost" name="testPost" time="0.559"/>
  <system-out/>
  <testcase classname="test.GetAndPost" name="testGet" time="2.589"/>
  <system-out/>
</testsuite> <!-- test.GetAndPost -->
