<?xml version="1.0" encoding="UTF-8"?>
<!-- Generated by org.testng.reporters.JUnitReportReporter -->
<testsuite hostname="DESKTOP-F8IID4M" failures="0" tests="1" name="test.JSONSchemaValidator" time="2.503" errors="0" timestamp="2022-10-08T02:45:28 BDT" skipped="0">
  <testcase classname="test.JSONSchemaValidator" name="testGet" time="2.503"/>
  <system-out/>
</testsuite> <!-- test.JSONSchemaValidator -->
